<?xml version="1.0" encoding="UTF-8"?>
<testsuite xmlns:xsi="http://www.w3.org/2001/XMLSchema-instance" xsi:noNamespaceSchemaLocation="https://maven.apache.org/surefire/maven-surefire-plugin/xsd/surefire-test-report.xsd" name="com.example.EcommerceSpringBootApplicationTests" time="1.018" tests="1" errors="1" skipped="0" failures="0">
  <properties>
    <property name="java.specification.version" value="17"/>
    <property name="sun.jnu.encoding" value="UTF-8"/>
    <property name="java.class.path" value="/home/Yoru/Programming/FullStackProjects/ecommerce-project/spring-boot-backend/target/test-classes:/home/Yoru/Programming/FullStackProjects/ecommerce-project/spring-boot-backend/target/classes:/home/Yoru/.m2/repository/org/springframework/boot/spring-boot-starter-data-jpa/3.0.0/spring-boot-starter-data-jpa-3.0.0.jar:/home/Yoru/.m2/repository/org/springframework/boot/spring-boot-starter-aop/3.0.0/spring-boot-starter-aop-3.0.0.jar:/home/Yoru/.m2/repository/org/springframework/spring-aop/6.0.2/spring-aop-6.0.2.jar:/home/Yoru/.m2/repository/org/aspectj/aspectjweaver/1.9.9.1/aspectjweaver-1.9.9.1.jar:/home/Yoru/.m2/repository/org/springframework/boot/spring-boot-starter-jdbc/3.0.0/spring-boot-starter-jdbc-3.0.0.jar:/home/Yoru/.m2/repository/com/zaxxer/HikariCP/5.0.1/HikariCP-5.0.1.jar:/home/Yoru/.m2/repository/org/springframework/spring-jdbc/6.0.2/spring-jdbc-6.0.2.jar:/home/Yoru/.m2/repository/org/hibernate/orm/hibernate-core/6.1.5.Final/hibernate-core-6.1.5.Final.jar:/home/Yoru/.m2/repository/jakarta/persistence/jakarta.persistence-api/3.1.0/jakarta.persistence-api-3.1.0.jar:/home/Yoru/.m2/repository/jakarta/transaction/jakarta.transaction-api/2.0.1/jakarta.transaction-api-2.0.1.jar:/home/Yoru/.m2/repository/org/jboss/logging/jboss-logging/3.5.0.Final/jboss-logging-3.5.0.Final.jar:/home/Yoru/.m2/repository/org/hibernate/common/hibernate-commons-annotations/6.0.2.Final/hibernate-commons-annotations-6.0.2.Final.jar:/home/Yoru/.m2/repository/org/jboss/jandex/2.4.2.Final/jandex-2.4.2.Final.jar:/home/Yoru/.m2/repository/com/fasterxml/classmate/1.5.1/classmate-1.5.1.jar:/home/Yoru/.m2/repository/net/bytebuddy/byte-buddy/1.12.19/byte-buddy-1.12.19.jar:/home/Yoru/.m2/repository/org/glassfish/jaxb/jaxb-runtime/4.0.1/jaxb-runtime-4.0.1.jar:/home/Yoru/.m2/repository/org/glassfish/jaxb/jaxb-core/4.0.1/jaxb-core-4.0.1.jar:/home/Yoru/.m2/repository/org/eclipse/angus/angus-activation/1.0.0/angus-activation-1.0.0.jar:/home/Yoru/.m2/repository/org/glassfish/jaxb/txw2/4.0.1/txw2-4.0.1.jar:/home/Yoru/.m2/repository/com/sun/istack/istack-commons-runtime/4.1.1/istack-commons-runtime-4.1.1.jar:/home/Yoru/.m2/repository/jakarta/inject/jakarta.inject-api/2.0.0/jakarta.inject-api-2.0.0.jar:/home/Yoru/.m2/repository/org/antlr/antlr4-runtime/4.10.1/antlr4-runtime-4.10.1.jar:/home/Yoru/.m2/repository/org/springframework/data/spring-data-jpa/3.0.0/spring-data-jpa-3.0.0.jar:/home/Yoru/.m2/repository/org/springframework/data/spring-data-commons/3.0.0/spring-data-commons-3.0.0.jar:/home/Yoru/.m2/repository/org/springframework/spring-orm/6.0.2/spring-orm-6.0.2.jar:/home/Yoru/.m2/repository/org/springframework/spring-context/6.0.2/spring-context-6.0.2.jar:/home/Yoru/.m2/repository/org/springframework/spring-tx/6.0.2/spring-tx-6.0.2.jar:/home/Yoru/.m2/repository/org/springframework/spring-beans/6.0.2/spring-beans-6.0.2.jar:/home/Yoru/.m2/repository/jakarta/annotation/jakarta.annotation-api/2.1.1/jakarta.annotation-api-2.1.1.jar:/home/Yoru/.m2/repository/org/slf4j/slf4j-api/2.0.4/slf4j-api-2.0.4.jar:/home/Yoru/.m2/repository/org/springframework/spring-aspects/6.0.2/spring-aspects-6.0.2.jar:/home/Yoru/.m2/repository/org/springframework/boot/spring-boot-starter-web/3.0.0/spring-boot-starter-web-3.0.0.jar:/home/Yoru/.m2/repository/org/springframework/boot/spring-boot-starter/3.0.0/spring-boot-starter-3.0.0.jar:/home/Yoru/.m2/repository/org/springframework/boot/spring-boot/3.0.0/spring-boot-3.0.0.jar:/home/Yoru/.m2/repository/org/springframework/boot/spring-boot-autoconfigure/3.0.0/spring-boot-autoconfigure-3.0.0.jar:/home/Yoru/.m2/repository/org/springframework/boot/spring-boot-starter-logging/3.0.0/spring-boot-starter-logging-3.0.0.jar:/home/Yoru/.m2/repository/ch/qos/logback/logback-classic/1.4.5/logback-classic-1.4.5.jar:/home/Yoru/.m2/repository/ch/qos/logback/logback-core/1.4.5/logback-core-1.4.5.jar:/home/Yoru/.m2/repository/org/apache/logging/log4j/log4j-to-slf4j/2.19.0/log4j-to-slf4j-2.19.0.jar:/home/Yoru/.m2/repository/org/apache/logging/log4j/log4j-api/2.19.0/log4j-api-2.19.0.jar:/home/Yoru/.m2/repository/org/slf4j/jul-to-slf4j/2.0.4/jul-to-slf4j-2.0.4.jar:/home/Yoru/.m2/repository/org/yaml/snakeyaml/1.33/snakeyaml-1.33.jar:/home/Yoru/.m2/repository/org/springframework/boot/spring-boot-starter-json/3.0.0/spring-boot-starter-json-3.0.0.jar:/home/Yoru/.m2/repository/com/fasterxml/jackson/core/jackson-databind/2.14.1/jackson-databind-2.14.1.jar:/home/Yoru/.m2/repository/com/fasterxml/jackson/core/jackson-annotations/2.14.1/jackson-annotations-2.14.1.jar:/home/Yoru/.m2/repository/com/fasterxml/jackson/core/jackson-core/2.14.1/jackson-core-2.14.1.jar:/home/Yoru/.m2/repository/com/fasterxml/jackson/datatype/jackson-datatype-jdk8/2.14.1/jackson-datatype-jdk8-2.14.1.jar:/home/Yoru/.m2/repository/com/fasterxml/jackson/datatype/jackson-datatype-jsr310/2.14.1/jackson-datatype-jsr310-2.14.1.jar:/home/Yoru/.m2/repository/com/fasterxml/jackson/module/jackson-module-parameter-names/2.14.1/jackson-module-parameter-names-2.14.1.jar:/home/Yoru/.m2/repository/org/springframework/boot/spring-boot-starter-tomcat/3.0.0/spring-boot-starter-tomcat-3.0.0.jar:/home/Yoru/.m2/repository/org/apache/tomcat/embed/tomcat-embed-core/10.1.1/tomcat-embed-core-10.1.1.jar:/home/Yoru/.m2/repository/org/apache/tomcat/embed/tomcat-embed-el/10.1.1/tomcat-embed-el-10.1.1.jar:/home/Yoru/.m2/repository/org/apache/tomcat/embed/tomcat-embed-websocket/10.1.1/tomcat-embed-websocket-10.1.1.jar:/home/Yoru/.m2/repository/org/springframework/spring-web/6.0.2/spring-web-6.0.2.jar:/home/Yoru/.m2/repository/io/micrometer/micrometer-observation/1.10.2/micrometer-observation-1.10.2.jar:/home/Yoru/.m2/repository/io/micrometer/micrometer-commons/1.10.2/micrometer-commons-1.10.2.jar:/home/Yoru/.m2/repository/org/springframework/spring-webmvc/6.0.2/spring-webmvc-6.0.2.jar:/home/Yoru/.m2/repository/org/springframework/spring-expression/6.0.2/spring-expression-6.0.2.jar:/home/Yoru/.m2/repository/org/postgresql/postgresql/42.5.1/postgresql-42.5.1.jar:/home/Yoru/.m2/repository/org/checkerframework/checker-qual/3.5.0/checker-qual-3.5.0.jar:/home/Yoru/.m2/repository/org/projectlombok/lombok/1.18.24/lombok-1.18.24.jar:/home/Yoru/.m2/repository/org/springframework/boot/spring-boot-starter-test/3.0.0/spring-boot-starter-test-3.0.0.jar:/home/Yoru/.m2/repository/org/springframework/boot/spring-boot-test/3.0.0/spring-boot-test-3.0.0.jar:/home/Yoru/.m2/repository/org/springframework/boot/spring-boot-test-autoconfigure/3.0.0/spring-boot-test-autoconfigure-3.0.0.jar:/home/Yoru/.m2/repository/com/jayway/jsonpath/json-path/2.7.0/json-path-2.7.0.jar:/home/Yoru/.m2/repository/net/minidev/json-smart/2.4.8/json-smart-2.4.8.jar:/home/Yoru/.m2/repository/net/minidev/accessors-smart/2.4.8/accessors-smart-2.4.8.jar:/home/Yoru/.m2/repository/org/ow2/asm/asm/9.1/asm-9.1.jar:/home/Yoru/.m2/repository/jakarta/xml/bind/jakarta.xml.bind-api/4.0.0/jakarta.xml.bind-api-4.0.0.jar:/home/Yoru/.m2/repository/jakarta/activation/jakarta.activation-api/2.1.0/jakarta.activation-api-2.1.0.jar:/home/Yoru/.m2/repository/org/assertj/assertj-core/3.23.1/assertj-core-3.23.1.jar:/home/Yoru/.m2/repository/org/hamcrest/hamcrest/2.2/hamcrest-2.2.jar:/home/Yoru/.m2/repository/org/junit/jupiter/junit-jupiter/5.9.1/junit-jupiter-5.9.1.jar:/home/Yoru/.m2/repository/org/junit/jupiter/junit-jupiter-api/5.9.1/junit-jupiter-api-5.9.1.jar:/home/Yoru/.m2/repository/org/opentest4j/opentest4j/1.2.0/opentest4j-1.2.0.jar:/home/Yoru/.m2/repository/org/junit/platform/junit-platform-commons/1.9.1/junit-platform-commons-1.9.1.jar:/home/Yoru/.m2/repository/org/apiguardian/apiguardian-api/1.1.2/apiguardian-api-1.1.2.jar:/home/Yoru/.m2/repository/org/junit/jupiter/junit-jupiter-params/5.9.1/junit-jupiter-params-5.9.1.jar:/home/Yoru/.m2/repository/org/junit/jupiter/junit-jupiter-engine/5.9.1/junit-jupiter-engine-5.9.1.jar:/home/Yoru/.m2/repository/org/junit/platform/junit-platform-engine/1.9.1/junit-platform-engine-1.9.1.jar:/home/Yoru/.m2/repository/org/mockito/mockito-core/4.8.1/mockito-core-4.8.1.jar:/home/Yoru/.m2/repository/net/bytebuddy/byte-buddy-agent/1.12.19/byte-buddy-agent-1.12.19.jar:/home/Yoru/.m2/repository/org/objenesis/objenesis/3.2/objenesis-3.2.jar:/home/Yoru/.m2/repository/org/mockito/mockito-junit-jupiter/4.8.1/mockito-junit-jupiter-4.8.1.jar:/home/Yoru/.m2/repository/org/skyscreamer/jsonassert/1.5.1/jsonassert-1.5.1.jar:/home/Yoru/.m2/repository/com/vaadin/external/google/android-json/0.0.20131108.vaadin1/android-json-0.0.20131108.vaadin1.jar:/home/Yoru/.m2/repository/org/springframework/spring-core/6.0.2/spring-core-6.0.2.jar:/home/Yoru/.m2/repository/org/springframework/spring-jcl/6.0.2/spring-jcl-6.0.2.jar:/home/Yoru/.m2/repository/org/springframework/spring-test/6.0.2/spring-test-6.0.2.jar:/home/Yoru/.m2/repository/org/xmlunit/xmlunit-core/2.9.0/xmlunit-core-2.9.0.jar:"/>
    <property name="java.vm.vendor" value="Oracle Corporation"/>
    <property name="sun.arch.data.model" value="64"/>
    <property name="java.vendor.url" value="https://java.oracle.com/"/>
    <property name="os.name" value="Linux"/>
    <property name="java.vm.specification.version" value="17"/>
    <property name="sun.java.launcher" value="SUN_STANDARD"/>
    <property name="user.country" value="US"/>
    <property name="sun.boot.library.path" value="/home/Yoru/.sdkman/candidates/java/17.0.4-oracle/lib"/>
    <property name="sun.java.command" value="/home/Yoru/Programming/FullStackProjects/ecommerce-project/spring-boot-backend/target/surefire/surefirebooter6558812446371920827.jar /home/Yoru/Programming/FullStackProjects/ecommerce-project/spring-boot-backend/target/surefire 2023-03-02T21-29-33_289-jvmRun1 surefire16643655008339795800tmp surefire_03085630895846116807tmp"/>
    <property name="jdk.debug" value="release"/>
    <property name="surefire.test.class.path" value="/home/Yoru/Programming/FullStackProjects/ecommerce-project/spring-boot-backend/target/test-classes:/home/Yoru/Programming/FullStackProjects/ecommerce-project/spring-boot-backend/target/classes:/home/Yoru/.m2/repository/org/springframework/boot/spring-boot-starter-data-jpa/3.0.0/spring-boot-starter-data-jpa-3.0.0.jar:/home/Yoru/.m2/repository/org/springframework/boot/spring-boot-starter-aop/3.0.0/spring-boot-starter-aop-3.0.0.jar:/home/Yoru/.m2/repository/org/springframework/spring-aop/6.0.2/spring-aop-6.0.2.jar:/home/Yoru/.m2/repository/org/aspectj/aspectjweaver/1.9.9.1/aspectjweaver-1.9.9.1.jar:/home/Yoru/.m2/repository/org/springframework/boot/spring-boot-starter-jdbc/3.0.0/spring-boot-starter-jdbc-3.0.0.jar:/home/Yoru/.m2/repository/com/zaxxer/HikariCP/5.0.1/HikariCP-5.0.1.jar:/home/Yoru/.m2/repository/org/springframework/spring-jdbc/6.0.2/spring-jdbc-6.0.2.jar:/home/Yoru/.m2/repository/org/hibernate/orm/hibernate-core/6.1.5.Final/hibernate-core-6.1.5.Final.jar:/home/Yoru/.m2/repository/jakarta/persistence/jakarta.persistence-api/3.1.0/jakarta.persistence-api-3.1.0.jar:/home/Yoru/.m2/repository/jakarta/transaction/jakarta.transaction-api/2.0.1/jakarta.transaction-api-2.0.1.jar:/home/Yoru/.m2/repository/org/jboss/logging/jboss-logging/3.5.0.Final/jboss-logging-3.5.0.Final.jar:/home/Yoru/.m2/repository/org/hibernate/common/hibernate-commons-annotations/6.0.2.Final/hibernate-commons-annotations-6.0.2.Final.jar:/home/Yoru/.m2/repository/org/jboss/jandex/2.4.2.Final/jandex-2.4.2.Final.jar:/home/Yoru/.m2/repository/com/fasterxml/classmate/1.5.1/classmate-1.5.1.jar:/home/Yoru/.m2/repository/net/bytebuddy/byte-buddy/1.12.19/byte-buddy-1.12.19.jar:/home/Yoru/.m2/repository/org/glassfish/jaxb/jaxb-runtime/4.0.1/jaxb-runtime-4.0.1.jar:/home/Yoru/.m2/repository/org/glassfish/jaxb/jaxb-core/4.0.1/jaxb-core-4.0.1.jar:/home/Yoru/.m2/repository/org/eclipse/angus/angus-activation/1.0.0/angus-activation-1.0.0.jar:/home/Yoru/.m2/repository/org/glassfish/jaxb/txw2/4.0.1/txw2-4.0.1.jar:/home/Yoru/.m2/repository/com/sun/istack/istack-commons-runtime/4.1.1/istack-commons-runtime-4.1.1.jar:/home/Yoru/.m2/repository/jakarta/inject/jakarta.inject-api/2.0.0/jakarta.inject-api-2.0.0.jar:/home/Yoru/.m2/repository/org/antlr/antlr4-runtime/4.10.1/antlr4-runtime-4.10.1.jar:/home/Yoru/.m2/repository/org/springframework/data/spring-data-jpa/3.0.0/spring-data-jpa-3.0.0.jar:/home/Yoru/.m2/repository/org/springframework/data/spring-data-commons/3.0.0/spring-data-commons-3.0.0.jar:/home/Yoru/.m2/repository/org/springframework/spring-orm/6.0.2/spring-orm-6.0.2.jar:/home/Yoru/.m2/repository/org/springframework/spring-context/6.0.2/spring-context-6.0.2.jar:/home/Yoru/.m2/repository/org/springframework/spring-tx/6.0.2/spring-tx-6.0.2.jar:/home/Yoru/.m2/repository/org/springframework/spring-beans/6.0.2/spring-beans-6.0.2.jar:/home/Yoru/.m2/repository/jakarta/annotation/jakarta.annotation-api/2.1.1/jakarta.annotation-api-2.1.1.jar:/home/Yoru/.m2/repository/org/slf4j/slf4j-api/2.0.4/slf4j-api-2.0.4.jar:/home/Yoru/.m2/repository/org/springframework/spring-aspects/6.0.2/spring-aspects-6.0.2.jar:/home/Yoru/.m2/repository/org/springframework/boot/spring-boot-starter-web/3.0.0/spring-boot-starter-web-3.0.0.jar:/home/Yoru/.m2/repository/org/springframework/boot/spring-boot-starter/3.0.0/spring-boot-starter-3.0.0.jar:/home/Yoru/.m2/repository/org/springframework/boot/spring-boot/3.0.0/spring-boot-3.0.0.jar:/home/Yoru/.m2/repository/org/springframework/boot/spring-boot-autoconfigure/3.0.0/spring-boot-autoconfigure-3.0.0.jar:/home/Yoru/.m2/repository/org/springframework/boot/spring-boot-starter-logging/3.0.0/spring-boot-starter-logging-3.0.0.jar:/home/Yoru/.m2/repository/ch/qos/logback/logback-classic/1.4.5/logback-classic-1.4.5.jar:/home/Yoru/.m2/repository/ch/qos/logback/logback-core/1.4.5/logback-core-1.4.5.jar:/home/Yoru/.m2/repository/org/apache/logging/log4j/log4j-to-slf4j/2.19.0/log4j-to-slf4j-2.19.0.jar:/home/Yoru/.m2/repository/org/apache/logging/log4j/log4j-api/2.19.0/log4j-api-2.19.0.jar:/home/Yoru/.m2/repository/org/slf4j/jul-to-slf4j/2.0.4/jul-to-slf4j-2.0.4.jar:/home/Yoru/.m2/repository/org/yaml/snakeyaml/1.33/snakeyaml-1.33.jar:/home/Yoru/.m2/repository/org/springframework/boot/spring-boot-starter-json/3.0.0/spring-boot-starter-json-3.0.0.jar:/home/Yoru/.m2/repository/com/fasterxml/jackson/core/jackson-databind/2.14.1/jackson-databind-2.14.1.jar:/home/Yoru/.m2/repository/com/fasterxml/jackson/core/jackson-annotations/2.14.1/jackson-annotations-2.14.1.jar:/home/Yoru/.m2/repository/com/fasterxml/jackson/core/jackson-core/2.14.1/jackson-core-2.14.1.jar:/home/Yoru/.m2/repository/com/fasterxml/jackson/datatype/jackson-datatype-jdk8/2.14.1/jackson-datatype-jdk8-2.14.1.jar:/home/Yoru/.m2/repository/com/fasterxml/jackson/datatype/jackson-datatype-jsr310/2.14.1/jackson-datatype-jsr310-2.14.1.jar:/home/Yoru/.m2/repository/com/fasterxml/jackson/module/jackson-module-parameter-names/2.14.1/jackson-module-parameter-names-2.14.1.jar:/home/Yoru/.m2/repository/org/springframework/boot/spring-boot-starter-tomcat/3.0.0/spring-boot-starter-tomcat-3.0.0.jar:/home/Yoru/.m2/repository/org/apache/tomcat/embed/tomcat-embed-core/10.1.1/tomcat-embed-core-10.1.1.jar:/home/Yoru/.m2/repository/org/apache/tomcat/embed/tomcat-embed-el/10.1.1/tomcat-embed-el-10.1.1.jar:/home/Yoru/.m2/repository/org/apache/tomcat/embed/tomcat-embed-websocket/10.1.1/tomcat-embed-websocket-10.1.1.jar:/home/Yoru/.m2/repository/org/springframework/spring-web/6.0.2/spring-web-6.0.2.jar:/home/Yoru/.m2/repository/io/micrometer/micrometer-observation/1.10.2/micrometer-observation-1.10.2.jar:/home/Yoru/.m2/repository/io/micrometer/micrometer-commons/1.10.2/micrometer-commons-1.10.2.jar:/home/Yoru/.m2/repository/org/springframework/spring-webmvc/6.0.2/spring-webmvc-6.0.2.jar:/home/Yoru/.m2/repository/org/springframework/spring-expression/6.0.2/spring-expression-6.0.2.jar:/home/Yoru/.m2/repository/org/postgresql/postgresql/42.5.1/postgresql-42.5.1.jar:/home/Yoru/.m2/repository/org/checkerframework/checker-qual/3.5.0/checker-qual-3.5.0.jar:/home/Yoru/.m2/repository/org/projectlombok/lombok/1.18.24/lombok-1.18.24.jar:/home/Yoru/.m2/repository/org/springframework/boot/spring-boot-starter-test/3.0.0/spring-boot-starter-test-3.0.0.jar:/home/Yoru/.m2/repository/org/springframework/boot/spring-boot-test/3.0.0/spring-boot-test-3.0.0.jar:/home/Yoru/.m2/repository/org/springframework/boot/spring-boot-test-autoconfigure/3.0.0/spring-boot-test-autoconfigure-3.0.0.jar:/home/Yoru/.m2/repository/com/jayway/jsonpath/json-path/2.7.0/json-path-2.7.0.jar:/home/Yoru/.m2/repository/net/minidev/json-smart/2.4.8/json-smart-2.4.8.jar:/home/Yoru/.m2/repository/net/minidev/accessors-smart/2.4.8/accessors-smart-2.4.8.jar:/home/Yoru/.m2/repository/org/ow2/asm/asm/9.1/asm-9.1.jar:/home/Yoru/.m2/repository/jakarta/xml/bind/jakarta.xml.bind-api/4.0.0/jakarta.xml.bind-api-4.0.0.jar:/home/Yoru/.m2/repository/jakarta/activation/jakarta.activation-api/2.1.0/jakarta.activation-api-2.1.0.jar:/home/Yoru/.m2/repository/org/assertj/assertj-core/3.23.1/assertj-core-3.23.1.jar:/home/Yoru/.m2/repository/org/hamcrest/hamcrest/2.2/hamcrest-2.2.jar:/home/Yoru/.m2/repository/org/junit/jupiter/junit-jupiter/5.9.1/junit-jupiter-5.9.1.jar:/home/Yoru/.m2/repository/org/junit/jupiter/junit-jupiter-api/5.9.1/junit-jupiter-api-5.9.1.jar:/home/Yoru/.m2/repository/org/opentest4j/opentest4j/1.2.0/opentest4j-1.2.0.jar:/home/Yoru/.m2/repository/org/junit/platform/junit-platform-commons/1.9.1/junit-platform-commons-1.9.1.jar:/home/Yoru/.m2/repository/org/apiguardian/apiguardian-api/1.1.2/apiguardian-api-1.1.2.jar:/home/Yoru/.m2/repository/org/junit/jupiter/junit-jupiter-params/5.9.1/junit-jupiter-params-5.9.1.jar:/home/Yoru/.m2/repository/org/junit/jupiter/junit-jupiter-engine/5.9.1/junit-jupiter-engine-5.9.1.jar:/home/Yoru/.m2/repository/org/junit/platform/junit-platform-engine/1.9.1/junit-platform-engine-1.9.1.jar:/home/Yoru/.m2/repository/org/mockito/mockito-core/4.8.1/mockito-core-4.8.1.jar:/home/Yoru/.m2/repository/net/bytebuddy/byte-buddy-agent/1.12.19/byte-buddy-agent-1.12.19.jar:/home/Yoru/.m2/repository/org/objenesis/objenesis/3.2/objenesis-3.2.jar:/home/Yoru/.m2/repository/org/mockito/mockito-junit-jupiter/4.8.1/mockito-junit-jupiter-4.8.1.jar:/home/Yoru/.m2/repository/org/skyscreamer/jsonassert/1.5.1/jsonassert-1.5.1.jar:/home/Yoru/.m2/repository/com/vaadin/external/google/android-json/0.0.20131108.vaadin1/android-json-0.0.20131108.vaadin1.jar:/home/Yoru/.m2/repository/org/springframework/spring-core/6.0.2/spring-core-6.0.2.jar:/home/Yoru/.m2/repository/org/springframework/spring-jcl/6.0.2/spring-jcl-6.0.2.jar:/home/Yoru/.m2/repository/org/springframework/spring-test/6.0.2/spring-test-6.0.2.jar:/home/Yoru/.m2/repository/org/xmlunit/xmlunit-core/2.9.0/xmlunit-core-2.9.0.jar:"/>
    <property name="sun.cpu.endian" value="little"/>
    <property name="user.home" value="/home/Yoru"/>
    <property name="user.language" value="en"/>
    <property name="java.specification.vendor" value="Oracle Corporation"/>
    <property name="java.version.date" value="2022-07-19"/>
    <property name="java.home" value="/home/Yoru/.sdkman/candidates/java/17.0.4-oracle"/>
    <property name="file.separator" value="/"/>
    <property name="basedir" value="/home/Yoru/Programming/FullStackProjects/ecommerce-project/spring-boot-backend"/>
    <property name="java.vm.compressedOopsMode" value="Zero based"/>
    <property name="line.separator" value="&#10;"/>
    <property name="java.vm.specification.vendor" value="Oracle Corporation"/>
    <property name="java.specification.name" value="Java Platform API Specification"/>
    <property name="surefire.real.class.path" value="/home/Yoru/Programming/FullStackProjects/ecommerce-project/spring-boot-backend/target/surefire/surefirebooter6558812446371920827.jar"/>
    <property name="sun.management.compiler" value="HotSpot 64-Bit Tiered Compilers"/>
    <property name="java.runtime.version" value="17.0.4+11-LTS-179"/>
    <property name="user.name" value="Yoru"/>
    <property name="path.separator" value=":"/>
    <property name="os.version" value="6.1.14-100.fc36.x86_64"/>
    <property name="java.runtime.name" value="Java(TM) SE Runtime Environment"/>
    <property name="file.encoding" value="UTF-8"/>
    <property name="java.vm.name" value="Java HotSpot(TM) 64-Bit Server VM"/>
    <property name="localRepository" value="/home/Yoru/.m2/repository"/>
    <property name="java.vendor.url.bug" value="https://bugreport.java.com/bugreport/"/>
    <property name="java.io.tmpdir" value="/tmp"/>
    <property name="java.version" value="17.0.4"/>
    <property name="user.dir" value="/home/Yoru/Programming/FullStackProjects/ecommerce-project/spring-boot-backend"/>
    <property name="os.arch" value="amd64"/>
    <property name="java.vm.specification.name" value="Java Virtual Machine Specification"/>
    <property name="native.encoding" value="UTF-8"/>
    <property name="java.library.path" value="/usr/java/packages/lib:/usr/lib64:/lib64:/lib:/usr/lib"/>
    <property name="java.vm.info" value="mixed mode, sharing"/>
    <property name="java.vendor" value="Oracle Corporation"/>
    <property name="java.vm.version" value="17.0.4+11-LTS-179"/>
    <property name="sun.io.unicode.encoding" value="UnicodeLittle"/>
    <property name="java.class.version" value="61.0"/>
  </properties>
  <testcase name="contextLoads" classname="com.example.EcommerceSpringBootApplicationTests" time="0.004">
    <error message="Failed to load ApplicationContext for [WebMergedContextConfiguration@3babcaed testClass = com.example.EcommerceSpringBootApplicationTests, locations = [], classes = [com.example.EcommerceSpringBootApplication], contextInitializerClasses = [], activeProfiles = [], propertySourceLocations = [], propertySourceProperties = [&quot;org.springframework.boot.test.context.SpringBootTestContextBootstrapper=true&quot;], contextCustomizers = [org.springframework.boot.test.context.filter.ExcludeFilterContextCustomizer@1cbb87f3, org.springframework.boot.test.json.DuplicateJsonObjectContextCustomizerFactory$DuplicateJsonObjectContextCustomizer@22e357dc, org.springframework.boot.test.mock.mockito.MockitoContextCustomizer@0, org.springframework.boot.test.web.client.TestRestTemplateContextCustomizer@15aab8c6, org.springframework.boot.test.autoconfigure.actuate.observability.ObservabilityContextCustomizerFactory$DisableObservabilityContextCustomizer@9da1, org.springframework.boot.test.autoconfigure.properties.PropertyMappingContextCustomizer@0, org.springframework.boot.test.autoconfigure.web.servlet.WebDriverContextCustomizerFactory$Customizer@16a0ee18, org.springframework.boot.test.context.SpringBootTestAnnotation@a950cb8f], resourceBasePath = &quot;src/main/webapp&quot;, contextLoader = org.springframework.boot.test.context.SpringBootContextLoader, parent = null]" type="java.lang.IllegalStateException">java.lang.IllegalStateException: Failed to load ApplicationContext for [WebMergedContextConfiguration@3babcaed testClass = com.example.EcommerceSpringBootApplicationTests, locations = [], classes = [com.example.EcommerceSpringBootApplication], contextInitializerClasses = [], activeProfiles = [], propertySourceLocations = [], propertySourceProperties = ["org.springframework.boot.test.context.SpringBootTestContextBootstrapper=true"], contextCustomizers = [org.springframework.boot.test.context.filter.ExcludeFilterContextCustomizer@1cbb87f3, org.springframework.boot.test.json.DuplicateJsonObjectContextCustomizerFactory$DuplicateJsonObjectContextCustomizer@22e357dc, org.springframework.boot.test.mock.mockito.MockitoContextCustomizer@0, org.springframework.boot.test.web.client.TestRestTemplateContextCustomizer@15aab8c6, org.springframework.boot.test.autoconfigure.actuate.observability.ObservabilityContextCustomizerFactory$DisableObservabilityContextCustomizer@9da1, org.springframework.boot.test.autoconfigure.properties.PropertyMappingContextCustomizer@0, org.springframework.boot.test.autoconfigure.web.servlet.WebDriverContextCustomizerFactory$Customizer@16a0ee18, org.springframework.boot.test.context.SpringBootTestAnnotation@a950cb8f], resourceBasePath = "src/main/webapp", contextLoader = org.springframework.boot.test.context.SpringBootContextLoader, parent = null]
Caused by: org.springframework.beans.factory.BeanCreationException: Error creating bean with name 'entityManagerFactory' defined in class path resource [org/springframework/boot/autoconfigure/orm/jpa/HibernateJpaConfiguration.class]: Property 'com.example.models.User.billingAddress' is not a collection and may not be a '@OneToMany', '@ManyToMany', or '@ElementCollection'
Caused by: org.hibernate.AnnotationException: Property 'com.example.models.User.billingAddress' is not a collection and may not be a '@OneToMany', '@ManyToMany', or '@ElementCollection'
</error>
    <system-out><![CDATA[21:29:33.570 [main] DEBUG org.springframework.boot.test.context.SpringBootTestContextBootstrapper - Neither @ContextConfiguration nor @ContextHierarchy found for test class [EcommerceSpringBootApplicationTests]: using SpringBootContextLoader
21:29:33.572 [main] DEBUG org.springframework.test.context.support.AbstractContextLoader - Could not detect default resource locations for test class [com.example.EcommerceSpringBootApplicationTests]: no resource found for suffixes {-context.xml, Context.groovy}.
21:29:33.572 [main] INFO org.springframework.test.context.support.AnnotationConfigContextLoaderUtils - Could not detect default configuration classes for test class [com.example.EcommerceSpringBootApplicationTests]: EcommerceSpringBootApplicationTests does not declare any static, non-private, non-final, nested classes annotated with @Configuration.
21:29:33.581 [main] DEBUG org.springframework.boot.test.context.SpringBootTestContextBootstrapper - Using ContextCustomizers for test class [EcommerceSpringBootApplicationTests]: [ExcludeFilterContextCustomizer, DuplicateJsonObjectContextCustomizer, MockitoContextCustomizer, TestRestTemplateContextCustomizer, DisableObservabilityContextCustomizer, PropertyMappingContextCustomizer, Customizer]
21:29:33.606 [main] DEBUG org.springframework.context.annotation.ClassPathScanningCandidateComponentProvider - Identified candidate component class: file [/home/Yoru/Programming/FullStackProjects/ecommerce-project/spring-boot-backend/target/classes/com/example/EcommerceSpringBootApplication.class]
21:29:33.607 [main] INFO org.springframework.boot.test.context.SpringBootTestContextBootstrapper - Found @SpringBootConfiguration com.example.EcommerceSpringBootApplication for test class com.example.EcommerceSpringBootApplicationTests
21:29:33.640 [main] DEBUG org.springframework.boot.test.context.SpringBootTestContextBootstrapper - Using TestExecutionListeners for test class [EcommerceSpringBootApplicationTests]: [ServletTestExecutionListener, DirtiesContextBeforeModesTestExecutionListener, ApplicationEventsTestExecutionListener, MockitoTestExecutionListener, DependencyInjectionTestExecutionListener, DirtiesContextTestExecutionListener, TransactionalTestExecutionListener, SqlScriptsTestExecutionListener, EventPublishingTestExecutionListener, ResetMocksTestExecutionListener, RestDocsTestExecutionListener, MockRestServiceServerResetTestExecutionListener, MockMvcPrintOnlyOnFailureTestExecutionListener, WebDriverTestExecutionListener, MockWebServiceServerTestExecutionListener]
21:29:33.640 [main] DEBUG org.springframework.test.context.support.AbstractDirtiesContextTestExecutionListener - Before test class: class [EcommerceSpringBootApplicationTests], class annotated with @DirtiesContext [false] with mode [null]

  .   ____          _            __ _ _
 /\\ / ___'_ __ _ _(_)_ __  __ _ \ \ \ \
( ( )\___ | '_ | '_| | '_ \/ _` | \ \ \ \
 \\/  ___)| |_)| | | | | || (_| |  ) ) ) )
  '  |____| .__|_| |_|_| |_\__, | / / / /
 =========|_|==============|___/=/_/_/_/
 :: Spring Boot ::                (v3.0.0)

2023-03-02T21:29:33.744-05:00  INFO 102041 --- [           main] c.e.EcommerceSpringBootApplicationTests  : Starting EcommerceSpringBootApplicationTests using Java 17.0.4 with PID 102041 (started by Yoru in /home/Yoru/Programming/FullStackProjects/ecommerce-project/spring-boot-backend)
2023-03-02T21:29:33.745-05:00  INFO 102041 --- [           main] c.e.EcommerceSpringBootApplicationTests  : No active profile set, falling back to 1 default profile: "default"
2023-03-02T21:29:33.967-05:00  INFO 102041 --- [           main] .s.d.r.c.RepositoryConfigurationDelegate : Bootstrapping Spring Data JPA repositories in DEFAULT mode.
2023-03-02T21:29:33.993-05:00  INFO 102041 --- [           main] .s.d.r.c.RepositoryConfigurationDelegate : Finished Spring Data repository scanning in 23 ms. Found 3 JPA repository interfaces.
2023-03-02T21:29:34.170-05:00  INFO 102041 --- [           main] o.hibernate.jpa.internal.util.LogHelper  : HHH000204: Processing PersistenceUnitInfo [name: default]
2023-03-02T21:29:34.191-05:00  INFO 102041 --- [           main] org.hibernate.Version                    : HHH000412: Hibernate ORM core version 6.1.5.Final
2023-03-02T21:29:34.254-05:00  WARN 102041 --- [           main] org.hibernate.orm.deprecation            : HHH90000021: Encountered deprecated setting [javax.persistence.sharedCache.mode], use [jakarta.persistence.sharedCache.mode] instead
2023-03-02T21:29:34.306-05:00  INFO 102041 --- [           main] com.zaxxer.hikari.HikariDataSource       : HikariPool-1 - Starting...
2023-03-02T21:29:34.380-05:00  INFO 102041 --- [           main] com.zaxxer.hikari.pool.HikariPool        : HikariPool-1 - Added connection org.postgresql.jdbc.PgConnection@435e416c
2023-03-02T21:29:34.381-05:00  INFO 102041 --- [           main] com.zaxxer.hikari.HikariDataSource       : HikariPool-1 - Start completed.
2023-03-02T21:29:34.433-05:00  INFO 102041 --- [           main] SQL dialect                              : HHH000400: Using dialect: org.hibernate.dialect.PostgreSQLDialect
2023-03-02T21:29:34.507-05:00 ERROR 102041 --- [           main] j.LocalContainerEntityManagerFactoryBean : Failed to initialize JPA EntityManagerFactory: Property 'com.example.models.User.billingAddress' is not a collection and may not be a '@OneToMany', '@ManyToMany', or '@ElementCollection'
2023-03-02T21:29:34.508-05:00  WARN 102041 --- [           main] o.s.w.c.s.GenericWebApplicationContext   : Exception encountered during context initialization - cancelling refresh attempt: org.springframework.beans.factory.BeanCreationException: Error creating bean with name 'entityManagerFactory' defined in class path resource [org/springframework/boot/autoconfigure/orm/jpa/HibernateJpaConfiguration.class]: Property 'com.example.models.User.billingAddress' is not a collection and may not be a '@OneToMany', '@ManyToMany', or '@ElementCollection'
2023-03-02T21:29:34.508-05:00  INFO 102041 --- [           main] com.zaxxer.hikari.HikariDataSource       : HikariPool-1 - Shutdown initiated...
2023-03-02T21:29:34.510-05:00  INFO 102041 --- [           main] com.zaxxer.hikari.HikariDataSource       : HikariPool-1 - Shutdown completed.
2023-03-02T21:29:34.514-05:00  INFO 102041 --- [           main] .s.b.a.l.ConditionEvaluationReportLogger : 

Error starting ApplicationContext. To display the condition evaluation report re-run your application with 'debug' enabled.
2023-03-02T21:29:34.521-05:00 ERROR 102041 --- [           main] o.s.boot.SpringApplication               : Application run failed

org.springframework.beans.factory.BeanCreationException: Error creating bean with name 'entityManagerFactory' defined in class path resource [org/springframework/boot/autoconfigure/orm/jpa/HibernateJpaConfiguration.class]: Property 'com.example.models.User.billingAddress' is not a collection and may not be a '@OneToMany', '@ManyToMany', or '@ElementCollection'
	at org.springframework.beans.factory.support.AbstractAutowireCapableBeanFactory.initializeBean(AbstractAutowireCapableBeanFactory.java:1751) ~[spring-beans-6.0.2.jar:6.0.2]
	at org.springframework.beans.factory.support.AbstractAutowireCapableBeanFactory.doCreateBean(AbstractAutowireCapableBeanFactory.java:599) ~[spring-beans-6.0.2.jar:6.0.2]
	at org.springframework.beans.factory.support.AbstractAutowireCapableBeanFactory.createBean(AbstractAutowireCapableBeanFactory.java:521) ~[spring-beans-6.0.2.jar:6.0.2]
	at org.springframework.beans.factory.support.AbstractBeanFactory.lambda$doGetBean$0(AbstractBeanFactory.java:326) ~[spring-beans-6.0.2.jar:6.0.2]
	at org.springframework.beans.factory.support.DefaultSingletonBeanRegistry.getSingleton(DefaultSingletonBeanRegistry.java:234) ~[spring-beans-6.0.2.jar:6.0.2]
	at org.springframework.beans.factory.support.AbstractBeanFactory.doGetBean(AbstractBeanFactory.java:324) ~[spring-beans-6.0.2.jar:6.0.2]
	at org.springframework.beans.factory.support.AbstractBeanFactory.getBean(AbstractBeanFactory.java:200) ~[spring-beans-6.0.2.jar:6.0.2]
	at org.springframework.context.support.AbstractApplicationContext.getBean(AbstractApplicationContext.java:1130) ~[spring-context-6.0.2.jar:6.0.2]
	at org.springframework.context.support.AbstractApplicationContext.finishBeanFactoryInitialization(AbstractApplicationContext.java:905) ~[spring-context-6.0.2.jar:6.0.2]
	at org.springframework.context.support.AbstractApplicationContext.refresh(AbstractApplicationContext.java:584) ~[spring-context-6.0.2.jar:6.0.2]
	at org.springframework.boot.SpringApplication.refresh(SpringApplication.java:730) ~[spring-boot-3.0.0.jar:3.0.0]
	at org.springframework.boot.SpringApplication.refreshContext(SpringApplication.java:432) ~[spring-boot-3.0.0.jar:3.0.0]
	at org.springframework.boot.SpringApplication.run(SpringApplication.java:308) ~[spring-boot-3.0.0.jar:3.0.0]
	at org.springframework.boot.test.context.SpringBootContextLoader.lambda$loadContext$3(SpringBootContextLoader.java:137) ~[spring-boot-test-3.0.0.jar:3.0.0]
	at org.springframework.util.function.ThrowingSupplier.get(ThrowingSupplier.java:59) ~[spring-core-6.0.2.jar:6.0.2]
	at org.springframework.util.function.ThrowingSupplier.get(ThrowingSupplier.java:47) ~[spring-core-6.0.2.jar:6.0.2]
	at org.springframework.boot.SpringApplication.withHook(SpringApplication.java:1386) ~[spring-boot-3.0.0.jar:3.0.0]
	at org.springframework.boot.test.context.SpringBootContextLoader$ContextLoaderHook.run(SpringBootContextLoader.java:543) ~[spring-boot-test-3.0.0.jar:3.0.0]
	at org.springframework.boot.test.context.SpringBootContextLoader.loadContext(SpringBootContextLoader.java:137) ~[spring-boot-test-3.0.0.jar:3.0.0]
	at org.springframework.boot.test.context.SpringBootContextLoader.loadContext(SpringBootContextLoader.java:108) ~[spring-boot-test-3.0.0.jar:3.0.0]
	at org.springframework.test.context.cache.DefaultCacheAwareContextLoaderDelegate.loadContextInternal(DefaultCacheAwareContextLoaderDelegate.java:183) ~[spring-test-6.0.2.jar:6.0.2]
	at org.springframework.test.context.cache.DefaultCacheAwareContextLoaderDelegate.loadContext(DefaultCacheAwareContextLoaderDelegate.java:117) ~[spring-test-6.0.2.jar:6.0.2]
	at org.springframework.test.context.support.DefaultTestContext.getApplicationContext(DefaultTestContext.java:127) ~[spring-test-6.0.2.jar:6.0.2]
	at org.springframework.test.context.web.ServletTestExecutionListener.setUpRequestContextIfNecessary(ServletTestExecutionListener.java:192) ~[spring-test-6.0.2.jar:6.0.2]
	at org.springframework.test.context.web.ServletTestExecutionListener.prepareTestInstance(ServletTestExecutionListener.java:131) ~[spring-test-6.0.2.jar:6.0.2]
	at org.springframework.test.context.TestContextManager.prepareTestInstance(TestContextManager.java:249) ~[spring-test-6.0.2.jar:6.0.2]
	at org.springframework.test.context.junit.jupiter.SpringExtension.postProcessTestInstance(SpringExtension.java:138) ~[spring-test-6.0.2.jar:6.0.2]
	at org.junit.jupiter.engine.descriptor.ClassBasedTestDescriptor.lambda$invokeTestInstancePostProcessors$10(ClassBasedTestDescriptor.java:377) ~[junit-jupiter-engine-5.9.1.jar:5.9.1]
	at org.junit.jupiter.engine.descriptor.ClassBasedTestDescriptor.executeAndMaskThrowable(ClassBasedTestDescriptor.java:382) ~[junit-jupiter-engine-5.9.1.jar:5.9.1]
	at org.junit.jupiter.engine.descriptor.ClassBasedTestDescriptor.lambda$invokeTestInstancePostProcessors$11(ClassBasedTestDescriptor.java:377) ~[junit-jupiter-engine-5.9.1.jar:5.9.1]
	at java.base/java.util.stream.ReferencePipeline$3$1.accept(ReferencePipeline.java:197) ~[na:na]
	at java.base/java.util.stream.ReferencePipeline$2$1.accept(ReferencePipeline.java:179) ~[na:na]
	at java.base/java.util.ArrayList$ArrayListSpliterator.forEachRemaining(ArrayList.java:1625) ~[na:na]
	at java.base/java.util.stream.AbstractPipeline.copyInto(AbstractPipeline.java:509) ~[na:na]
	at java.base/java.util.stream.AbstractPipeline.wrapAndCopyInto(AbstractPipeline.java:499) ~[na:na]
	at java.base/java.util.stream.StreamSpliterators$WrappingSpliterator.forEachRemaining(StreamSpliterators.java:310) ~[na:na]
	at java.base/java.util.stream.Streams$ConcatSpliterator.forEachRemaining(Streams.java:735) ~[na:na]
	at java.base/java.util.stream.Streams$ConcatSpliterator.forEachRemaining(Streams.java:734) ~[na:na]
	at java.base/java.util.stream.ReferencePipeline$Head.forEach(ReferencePipeline.java:762) ~[na:na]
	at org.junit.jupiter.engine.descriptor.ClassBasedTestDescriptor.invokeTestInstancePostProcessors(ClassBasedTestDescriptor.java:376) ~[junit-jupiter-engine-5.9.1.jar:5.9.1]
	at org.junit.jupiter.engine.descriptor.ClassBasedTestDescriptor.lambda$instantiateAndPostProcessTestInstance$6(ClassBasedTestDescriptor.java:289) ~[junit-jupiter-engine-5.9.1.jar:5.9.1]
	at org.junit.platform.engine.support.hierarchical.ThrowableCollector.execute(ThrowableCollector.java:73) ~[junit-platform-engine-1.9.1.jar:1.9.1]
	at org.junit.jupiter.engine.descriptor.ClassBasedTestDescriptor.instantiateAndPostProcessTestInstance(ClassBasedTestDescriptor.java:288) ~[junit-jupiter-engine-5.9.1.jar:5.9.1]
	at org.junit.jupiter.engine.descriptor.ClassBasedTestDescriptor.lambda$testInstancesProvider$4(ClassBasedTestDescriptor.java:278) ~[junit-jupiter-engine-5.9.1.jar:5.9.1]
	at java.base/java.util.Optional.orElseGet(Optional.java:364) ~[na:na]
	at org.junit.jupiter.engine.descriptor.ClassBasedTestDescriptor.lambda$testInstancesProvider$5(ClassBasedTestDescriptor.java:277) ~[junit-jupiter-engine-5.9.1.jar:5.9.1]
	at org.junit.jupiter.engine.execution.TestInstancesProvider.getTestInstances(TestInstancesProvider.java:31) ~[junit-jupiter-engine-5.9.1.jar:5.9.1]
	at org.junit.jupiter.engine.descriptor.TestMethodTestDescriptor.lambda$prepare$0(TestMethodTestDescriptor.java:105) ~[junit-jupiter-engine-5.9.1.jar:5.9.1]
	at org.junit.platform.engine.support.hierarchical.ThrowableCollector.execute(ThrowableCollector.java:73) ~[junit-platform-engine-1.9.1.jar:1.9.1]
	at org.junit.jupiter.engine.descriptor.TestMethodTestDescriptor.prepare(TestMethodTestDescriptor.java:104) ~[junit-jupiter-engine-5.9.1.jar:5.9.1]
	at org.junit.jupiter.engine.descriptor.TestMethodTestDescriptor.prepare(TestMethodTestDescriptor.java:68) ~[junit-jupiter-engine-5.9.1.jar:5.9.1]
	at org.junit.platform.engine.support.hierarchical.NodeTestTask.lambda$prepare$2(NodeTestTask.java:123) ~[junit-platform-engine-1.9.1.jar:1.9.1]
	at org.junit.platform.engine.support.hierarchical.ThrowableCollector.execute(ThrowableCollector.java:73) ~[junit-platform-engine-1.9.1.jar:1.9.1]
	at org.junit.platform.engine.support.hierarchical.NodeTestTask.prepare(NodeTestTask.java:123) ~[junit-platform-engine-1.9.1.jar:1.9.1]
	at org.junit.platform.engine.support.hierarchical.NodeTestTask.execute(NodeTestTask.java:90) ~[junit-platform-engine-1.9.1.jar:1.9.1]
	at java.base/java.util.ArrayList.forEach(ArrayList.java:1511) ~[na:na]
	at org.junit.platform.engine.support.hierarchical.SameThreadHierarchicalTestExecutorService.invokeAll(SameThreadHierarchicalTestExecutorService.java:41) ~[junit-platform-engine-1.9.1.jar:1.9.1]
	at org.junit.platform.engine.support.hierarchical.NodeTestTask.lambda$executeRecursively$6(NodeTestTask.java:155) ~[junit-platform-engine-1.9.1.jar:1.9.1]
	at org.junit.platform.engine.support.hierarchical.ThrowableCollector.execute(ThrowableCollector.java:73) ~[junit-platform-engine-1.9.1.jar:1.9.1]
	at org.junit.platform.engine.support.hierarchical.NodeTestTask.lambda$executeRecursively$8(NodeTestTask.java:141) ~[junit-platform-engine-1.9.1.jar:1.9.1]
	at org.junit.platform.engine.support.hierarchical.Node.around(Node.java:137) ~[junit-platform-engine-1.9.1.jar:1.9.1]
	at org.junit.platform.engine.support.hierarchical.NodeTestTask.lambda$executeRecursively$9(NodeTestTask.java:139) ~[junit-platform-engine-1.9.1.jar:1.9.1]
	at org.junit.platform.engine.support.hierarchical.ThrowableCollector.execute(ThrowableCollector.java:73) ~[junit-platform-engine-1.9.1.jar:1.9.1]
	at org.junit.platform.engine.support.hierarchical.NodeTestTask.executeRecursively(NodeTestTask.java:138) ~[junit-platform-engine-1.9.1.jar:1.9.1]
	at org.junit.platform.engine.support.hierarchical.NodeTestTask.execute(NodeTestTask.java:95) ~[junit-platform-engine-1.9.1.jar:1.9.1]
	at java.base/java.util.ArrayList.forEach(ArrayList.java:1511) ~[na:na]
	at org.junit.platform.engine.support.hierarchical.SameThreadHierarchicalTestExecutorService.invokeAll(SameThreadHierarchicalTestExecutorService.java:41) ~[junit-platform-engine-1.9.1.jar:1.9.1]
	at org.junit.platform.engine.support.hierarchical.NodeTestTask.lambda$executeRecursively$6(NodeTestTask.java:155) ~[junit-platform-engine-1.9.1.jar:1.9.1]
	at org.junit.platform.engine.support.hierarchical.ThrowableCollector.execute(ThrowableCollector.java:73) ~[junit-platform-engine-1.9.1.jar:1.9.1]
	at org.junit.platform.engine.support.hierarchical.NodeTestTask.lambda$executeRecursively$8(NodeTestTask.java:141) ~[junit-platform-engine-1.9.1.jar:1.9.1]
	at org.junit.platform.engine.support.hierarchical.Node.around(Node.java:137) ~[junit-platform-engine-1.9.1.jar:1.9.1]
	at org.junit.platform.engine.support.hierarchical.NodeTestTask.lambda$executeRecursively$9(NodeTestTask.java:139) ~[junit-platform-engine-1.9.1.jar:1.9.1]
	at org.junit.platform.engine.support.hierarchical.ThrowableCollector.execute(ThrowableCollector.java:73) ~[junit-platform-engine-1.9.1.jar:1.9.1]
	at org.junit.platform.engine.support.hierarchical.NodeTestTask.executeRecursively(NodeTestTask.java:138) ~[junit-platform-engine-1.9.1.jar:1.9.1]
	at org.junit.platform.engine.support.hierarchical.NodeTestTask.execute(NodeTestTask.java:95) ~[junit-platform-engine-1.9.1.jar:1.9.1]
	at org.junit.platform.engine.support.hierarchical.SameThreadHierarchicalTestExecutorService.submit(SameThreadHierarchicalTestExecutorService.java:35) ~[junit-platform-engine-1.9.1.jar:1.9.1]
	at org.junit.platform.engine.support.hierarchical.HierarchicalTestExecutor.execute(HierarchicalTestExecutor.java:57) ~[junit-platform-engine-1.9.1.jar:1.9.1]
	at org.junit.platform.engine.support.hierarchical.HierarchicalTestEngine.execute(HierarchicalTestEngine.java:54) ~[junit-platform-engine-1.9.1.jar:1.9.1]
	at org.junit.platform.launcher.core.DefaultLauncher.execute(DefaultLauncher.java:220) ~[junit-platform-launcher-1.3.1.jar:1.3.1]
	at org.junit.platform.launcher.core.DefaultLauncher.lambda$execute$6(DefaultLauncher.java:188) ~[junit-platform-launcher-1.3.1.jar:1.3.1]
	at org.junit.platform.launcher.core.DefaultLauncher.withInterceptedStreams(DefaultLauncher.java:202) ~[junit-platform-launcher-1.3.1.jar:1.3.1]
	at org.junit.platform.launcher.core.DefaultLauncher.execute(DefaultLauncher.java:181) ~[junit-platform-launcher-1.3.1.jar:1.3.1]
	at org.junit.platform.launcher.core.DefaultLauncher.execute(DefaultLauncher.java:128) ~[junit-platform-launcher-1.3.1.jar:1.3.1]
	at org.apache.maven.surefire.junitplatform.JUnitPlatformProvider.invokeAllTests(JUnitPlatformProvider.java:150) ~[surefire-junit-platform-2.22.2.jar:2.22.2]
	at org.apache.maven.surefire.junitplatform.JUnitPlatformProvider.invoke(JUnitPlatformProvider.java:124) ~[surefire-junit-platform-2.22.2.jar:2.22.2]
	at org.apache.maven.surefire.booter.ForkedBooter.invokeProviderInSameClassLoader(ForkedBooter.java:384) ~[surefire-booter-2.22.2.jar:2.22.2]
	at org.apache.maven.surefire.booter.ForkedBooter.runSuitesInProcess(ForkedBooter.java:345) ~[surefire-booter-2.22.2.jar:2.22.2]
	at org.apache.maven.surefire.booter.ForkedBooter.execute(ForkedBooter.java:126) ~[surefire-booter-2.22.2.jar:2.22.2]
	at org.apache.maven.surefire.booter.ForkedBooter.main(ForkedBooter.java:418) ~[surefire-booter-2.22.2.jar:2.22.2]
Caused by: org.hibernate.AnnotationException: Property 'com.example.models.User.billingAddress' is not a collection and may not be a '@OneToMany', '@ManyToMany', or '@ElementCollection'
	at org.hibernate.cfg.annotations.CollectionBinder.determineSemanticJavaType(CollectionBinder.java:1044) ~[hibernate-core-6.1.5.Final.jar:6.1.5.Final]
	at org.hibernate.cfg.annotations.CollectionBinder.determineCollectionClassification(CollectionBinder.java:946) ~[hibernate-core-6.1.5.Final.jar:6.1.5.Final]
	at org.hibernate.cfg.annotations.CollectionBinder.createBinderAutomatically(CollectionBinder.java:768) ~[hibernate-core-6.1.5.Final.jar:6.1.5.Final]
	at org.hibernate.cfg.annotations.CollectionBinder.getCollectionBinder(CollectionBinder.java:761) ~[hibernate-core-6.1.5.Final.jar:6.1.5.Final]
	at org.hibernate.cfg.annotations.CollectionBinder.bindCollection(CollectionBinder.java:287) ~[hibernate-core-6.1.5.Final.jar:6.1.5.Final]
	at org.hibernate.cfg.AnnotationBinder.buildProperty(AnnotationBinder.java:1235) ~[hibernate-core-6.1.5.Final.jar:6.1.5.Final]
	at org.hibernate.cfg.AnnotationBinder.processElementAnnotations(AnnotationBinder.java:1112) ~[hibernate-core-6.1.5.Final.jar:6.1.5.Final]
	at org.hibernate.cfg.annotations.EntityBinder.processIdPropertiesIfNotAlready(EntityBinder.java:935) ~[hibernate-core-6.1.5.Final.jar:6.1.5.Final]
	at org.hibernate.cfg.annotations.EntityBinder.bindEntityClass(EntityBinder.java:273) ~[hibernate-core-6.1.5.Final.jar:6.1.5.Final]
	at org.hibernate.cfg.AnnotationBinder.bindClass(AnnotationBinder.java:556) ~[hibernate-core-6.1.5.Final.jar:6.1.5.Final]
	at org.hibernate.boot.model.source.internal.annotations.AnnotationMetadataSourceProcessorImpl.processEntityHierarchies(AnnotationMetadataSourceProcessorImpl.java:216) ~[hibernate-core-6.1.5.Final.jar:6.1.5.Final]
	at org.hibernate.boot.model.process.spi.MetadataBuildingProcess$1.processEntityHierarchies(MetadataBuildingProcess.java:247) ~[hibernate-core-6.1.5.Final.jar:6.1.5.Final]
	at org.hibernate.boot.model.process.spi.MetadataBuildingProcess.complete(MetadataBuildingProcess.java:290) ~[hibernate-core-6.1.5.Final.jar:6.1.5.Final]
	at org.hibernate.jpa.boot.internal.EntityManagerFactoryBuilderImpl.metadata(EntityManagerFactoryBuilderImpl.java:1350) ~[hibernate-core-6.1.5.Final.jar:6.1.5.Final]
	at org.hibernate.jpa.boot.internal.EntityManagerFactoryBuilderImpl.build(EntityManagerFactoryBuilderImpl.java:1421) ~[hibernate-core-6.1.5.Final.jar:6.1.5.Final]
	at org.springframework.orm.jpa.vendor.SpringHibernateJpaPersistenceProvider.createContainerEntityManagerFactory(SpringHibernateJpaPersistenceProvider.java:66) ~[spring-orm-6.0.2.jar:6.0.2]
	at org.springframework.orm.jpa.LocalContainerEntityManagerFactoryBean.createNativeEntityManagerFactory(LocalContainerEntityManagerFactoryBean.java:376) ~[spring-orm-6.0.2.jar:6.0.2]
	at org.springframework.orm.jpa.AbstractEntityManagerFactoryBean.buildNativeEntityManagerFactory(AbstractEntityManagerFactoryBean.java:409) ~[spring-orm-6.0.2.jar:6.0.2]
	at org.springframework.orm.jpa.AbstractEntityManagerFactoryBean.afterPropertiesSet(AbstractEntityManagerFactoryBean.java:396) ~[spring-orm-6.0.2.jar:6.0.2]
	at org.springframework.orm.jpa.LocalContainerEntityManagerFactoryBean.afterPropertiesSet(LocalContainerEntityManagerFactoryBean.java:352) ~[spring-orm-6.0.2.jar:6.0.2]
	at org.springframework.beans.factory.support.AbstractAutowireCapableBeanFactory.invokeInitMethods(AbstractAutowireCapableBeanFactory.java:1797) ~[spring-beans-6.0.2.jar:6.0.2]
	at org.springframework.beans.factory.support.AbstractAutowireCapableBeanFactory.initializeBean(AbstractAutowireCapableBeanFactory.java:1747) ~[spring-beans-6.0.2.jar:6.0.2]
	... 88 common frames omitted

2023-03-02T21:29:34.526-05:00 ERROR 102041 --- [           main] o.s.test.context.TestContextManager      : Caught exception while allowing TestExecutionListener [org.springframework.test.context.web.ServletTestExecutionListener@2b9e69fb] to prepare test instance [com.example.EcommerceSpringBootApplicationTests@19bfbe28]

java.lang.IllegalStateException: Failed to load ApplicationContext for [WebMergedContextConfiguration@3babcaed testClass = com.example.EcommerceSpringBootApplicationTests, locations = [], classes = [com.example.EcommerceSpringBootApplication], contextInitializerClasses = [], activeProfiles = [], propertySourceLocations = [], propertySourceProperties = ["org.springframework.boot.test.context.SpringBootTestContextBootstrapper=true"], contextCustomizers = [org.springframework.boot.test.context.filter.ExcludeFilterContextCustomizer@1cbb87f3, org.springframework.boot.test.json.DuplicateJsonObjectContextCustomizerFactory$DuplicateJsonObjectContextCustomizer@22e357dc, org.springframework.boot.test.mock.mockito.MockitoContextCustomizer@0, org.springframework.boot.test.web.client.TestRestTemplateContextCustomizer@15aab8c6, org.springframework.boot.test.autoconfigure.actuate.observability.ObservabilityContextCustomizerFactory$DisableObservabilityContextCustomizer@9da1, org.springframework.boot.test.autoconfigure.properties.PropertyMappingContextCustomizer@0, org.springframework.boot.test.autoconfigure.web.servlet.WebDriverContextCustomizerFactory$Customizer@16a0ee18, org.springframework.boot.test.context.SpringBootTestAnnotation@a950cb8f], resourceBasePath = "src/main/webapp", contextLoader = org.springframework.boot.test.context.SpringBootContextLoader, parent = null]
	at org.springframework.test.context.cache.DefaultCacheAwareContextLoaderDelegate.loadContext(DefaultCacheAwareContextLoaderDelegate.java:141) ~[spring-test-6.0.2.jar:6.0.2]
	at org.springframework.test.context.support.DefaultTestContext.getApplicationContext(DefaultTestContext.java:127) ~[spring-test-6.0.2.jar:6.0.2]
	at org.springframework.test.context.web.ServletTestExecutionListener.setUpRequestContextIfNecessary(ServletTestExecutionListener.java:192) ~[spring-test-6.0.2.jar:6.0.2]
	at org.springframework.test.context.web.ServletTestExecutionListener.prepareTestInstance(ServletTestExecutionListener.java:131) ~[spring-test-6.0.2.jar:6.0.2]
	at org.springframework.test.context.TestContextManager.prepareTestInstance(TestContextManager.java:249) ~[spring-test-6.0.2.jar:6.0.2]
	at org.springframework.test.context.junit.jupiter.SpringExtension.postProcessTestInstance(SpringExtension.java:138) ~[spring-test-6.0.2.jar:6.0.2]
	at org.junit.jupiter.engine.descriptor.ClassBasedTestDescriptor.lambda$invokeTestInstancePostProcessors$10(ClassBasedTestDescriptor.java:377) ~[junit-jupiter-engine-5.9.1.jar:5.9.1]
	at org.junit.jupiter.engine.descriptor.ClassBasedTestDescriptor.executeAndMaskThrowable(ClassBasedTestDescriptor.java:382) ~[junit-jupiter-engine-5.9.1.jar:5.9.1]
	at org.junit.jupiter.engine.descriptor.ClassBasedTestDescriptor.lambda$invokeTestInstancePostProcessors$11(ClassBasedTestDescriptor.java:377) ~[junit-jupiter-engine-5.9.1.jar:5.9.1]
	at java.base/java.util.stream.ReferencePipeline$3$1.accept(ReferencePipeline.java:197) ~[na:na]
	at java.base/java.util.stream.ReferencePipeline$2$1.accept(ReferencePipeline.java:179) ~[na:na]
	at java.base/java.util.ArrayList$ArrayListSpliterator.forEachRemaining(ArrayList.java:1625) ~[na:na]
	at java.base/java.util.stream.AbstractPipeline.copyInto(AbstractPipeline.java:509) ~[na:na]
	at java.base/java.util.stream.AbstractPipeline.wrapAndCopyInto(AbstractPipeline.java:499) ~[na:na]
	at java.base/java.util.stream.StreamSpliterators$WrappingSpliterator.forEachRemaining(StreamSpliterators.java:310) ~[na:na]
	at java.base/java.util.stream.Streams$ConcatSpliterator.forEachRemaining(Streams.java:735) ~[na:na]
	at java.base/java.util.stream.Streams$ConcatSpliterator.forEachRemaining(Streams.java:734) ~[na:na]
	at java.base/java.util.stream.ReferencePipeline$Head.forEach(ReferencePipeline.java:762) ~[na:na]
	at org.junit.jupiter.engine.descriptor.ClassBasedTestDescriptor.invokeTestInstancePostProcessors(ClassBasedTestDescriptor.java:376) ~[junit-jupiter-engine-5.9.1.jar:5.9.1]
	at org.junit.jupiter.engine.descriptor.ClassBasedTestDescriptor.lambda$instantiateAndPostProcessTestInstance$6(ClassBasedTestDescriptor.java:289) ~[junit-jupiter-engine-5.9.1.jar:5.9.1]
	at org.junit.platform.engine.support.hierarchical.ThrowableCollector.execute(ThrowableCollector.java:73) ~[junit-platform-engine-1.9.1.jar:1.9.1]
	at org.junit.jupiter.engine.descriptor.ClassBasedTestDescriptor.instantiateAndPostProcessTestInstance(ClassBasedTestDescriptor.java:288) ~[junit-jupiter-engine-5.9.1.jar:5.9.1]
	at org.junit.jupiter.engine.descriptor.ClassBasedTestDescriptor.lambda$testInstancesProvider$4(ClassBasedTestDescriptor.java:278) ~[junit-jupiter-engine-5.9.1.jar:5.9.1]
	at java.base/java.util.Optional.orElseGet(Optional.java:364) ~[na:na]
	at org.junit.jupiter.engine.descriptor.ClassBasedTestDescriptor.lambda$testInstancesProvider$5(ClassBasedTestDescriptor.java:277) ~[junit-jupiter-engine-5.9.1.jar:5.9.1]
	at org.junit.jupiter.engine.execution.TestInstancesProvider.getTestInstances(TestInstancesProvider.java:31) ~[junit-jupiter-engine-5.9.1.jar:5.9.1]
	at org.junit.jupiter.engine.descriptor.TestMethodTestDescriptor.lambda$prepare$0(TestMethodTestDescriptor.java:105) ~[junit-jupiter-engine-5.9.1.jar:5.9.1]
	at org.junit.platform.engine.support.hierarchical.ThrowableCollector.execute(ThrowableCollector.java:73) ~[junit-platform-engine-1.9.1.jar:1.9.1]
	at org.junit.jupiter.engine.descriptor.TestMethodTestDescriptor.prepare(TestMethodTestDescriptor.java:104) ~[junit-jupiter-engine-5.9.1.jar:5.9.1]
	at org.junit.jupiter.engine.descriptor.TestMethodTestDescriptor.prepare(TestMethodTestDescriptor.java:68) ~[junit-jupiter-engine-5.9.1.jar:5.9.1]
	at org.junit.platform.engine.support.hierarchical.NodeTestTask.lambda$prepare$2(NodeTestTask.java:123) ~[junit-platform-engine-1.9.1.jar:1.9.1]
	at org.junit.platform.engine.support.hierarchical.ThrowableCollector.execute(ThrowableCollector.java:73) ~[junit-platform-engine-1.9.1.jar:1.9.1]
	at org.junit.platform.engine.support.hierarchical.NodeTestTask.prepare(NodeTestTask.java:123) ~[junit-platform-engine-1.9.1.jar:1.9.1]
	at org.junit.platform.engine.support.hierarchical.NodeTestTask.execute(NodeTestTask.java:90) ~[junit-platform-engine-1.9.1.jar:1.9.1]
	at java.base/java.util.ArrayList.forEach(ArrayList.java:1511) ~[na:na]
	at org.junit.platform.engine.support.hierarchical.SameThreadHierarchicalTestExecutorService.invokeAll(SameThreadHierarchicalTestExecutorService.java:41) ~[junit-platform-engine-1.9.1.jar:1.9.1]
	at org.junit.platform.engine.support.hierarchical.NodeTestTask.lambda$executeRecursively$6(NodeTestTask.java:155) ~[junit-platform-engine-1.9.1.jar:1.9.1]
	at org.junit.platform.engine.support.hierarchical.ThrowableCollector.execute(ThrowableCollector.java:73) ~[junit-platform-engine-1.9.1.jar:1.9.1]
	at org.junit.platform.engine.support.hierarchical.NodeTestTask.lambda$executeRecursively$8(NodeTestTask.java:141) ~[junit-platform-engine-1.9.1.jar:1.9.1]
	at org.junit.platform.engine.support.hierarchical.Node.around(Node.java:137) ~[junit-platform-engine-1.9.1.jar:1.9.1]
	at org.junit.platform.engine.support.hierarchical.NodeTestTask.lambda$executeRecursively$9(NodeTestTask.java:139) ~[junit-platform-engine-1.9.1.jar:1.9.1]
	at org.junit.platform.engine.support.hierarchical.ThrowableCollector.execute(ThrowableCollector.java:73) ~[junit-platform-engine-1.9.1.jar:1.9.1]
	at org.junit.platform.engine.support.hierarchical.NodeTestTask.executeRecursively(NodeTestTask.java:138) ~[junit-platform-engine-1.9.1.jar:1.9.1]
	at org.junit.platform.engine.support.hierarchical.NodeTestTask.execute(NodeTestTask.java:95) ~[junit-platform-engine-1.9.1.jar:1.9.1]
	at java.base/java.util.ArrayList.forEach(ArrayList.java:1511) ~[na:na]
	at org.junit.platform.engine.support.hierarchical.SameThreadHierarchicalTestExecutorService.invokeAll(SameThreadHierarchicalTestExecutorService.java:41) ~[junit-platform-engine-1.9.1.jar:1.9.1]
	at org.junit.platform.engine.support.hierarchical.NodeTestTask.lambda$executeRecursively$6(NodeTestTask.java:155) ~[junit-platform-engine-1.9.1.jar:1.9.1]
	at org.junit.platform.engine.support.hierarchical.ThrowableCollector.execute(ThrowableCollector.java:73) ~[junit-platform-engine-1.9.1.jar:1.9.1]
	at org.junit.platform.engine.support.hierarchical.NodeTestTask.lambda$executeRecursively$8(NodeTestTask.java:141) ~[junit-platform-engine-1.9.1.jar:1.9.1]
	at org.junit.platform.engine.support.hierarchical.Node.around(Node.java:137) ~[junit-platform-engine-1.9.1.jar:1.9.1]
	at org.junit.platform.engine.support.hierarchical.NodeTestTask.lambda$executeRecursively$9(NodeTestTask.java:139) ~[junit-platform-engine-1.9.1.jar:1.9.1]
	at org.junit.platform.engine.support.hierarchical.ThrowableCollector.execute(ThrowableCollector.java:73) ~[junit-platform-engine-1.9.1.jar:1.9.1]
	at org.junit.platform.engine.support.hierarchical.NodeTestTask.executeRecursively(NodeTestTask.java:138) ~[junit-platform-engine-1.9.1.jar:1.9.1]
	at org.junit.platform.engine.support.hierarchical.NodeTestTask.execute(NodeTestTask.java:95) ~[junit-platform-engine-1.9.1.jar:1.9.1]
	at org.junit.platform.engine.support.hierarchical.SameThreadHierarchicalTestExecutorService.submit(SameThreadHierarchicalTestExecutorService.java:35) ~[junit-platform-engine-1.9.1.jar:1.9.1]
	at org.junit.platform.engine.support.hierarchical.HierarchicalTestExecutor.execute(HierarchicalTestExecutor.java:57) ~[junit-platform-engine-1.9.1.jar:1.9.1]
	at org.junit.platform.engine.support.hierarchical.HierarchicalTestEngine.execute(HierarchicalTestEngine.java:54) ~[junit-platform-engine-1.9.1.jar:1.9.1]
	at org.junit.platform.launcher.core.DefaultLauncher.execute(DefaultLauncher.java:220) ~[junit-platform-launcher-1.3.1.jar:1.3.1]
	at org.junit.platform.launcher.core.DefaultLauncher.lambda$execute$6(DefaultLauncher.java:188) ~[junit-platform-launcher-1.3.1.jar:1.3.1]
	at org.junit.platform.launcher.core.DefaultLauncher.withInterceptedStreams(DefaultLauncher.java:202) ~[junit-platform-launcher-1.3.1.jar:1.3.1]
	at org.junit.platform.launcher.core.DefaultLauncher.execute(DefaultLauncher.java:181) ~[junit-platform-launcher-1.3.1.jar:1.3.1]
	at org.junit.platform.launcher.core.DefaultLauncher.execute(DefaultLauncher.java:128) ~[junit-platform-launcher-1.3.1.jar:1.3.1]
	at org.apache.maven.surefire.junitplatform.JUnitPlatformProvider.invokeAllTests(JUnitPlatformProvider.java:150) ~[surefire-junit-platform-2.22.2.jar:2.22.2]
	at org.apache.maven.surefire.junitplatform.JUnitPlatformProvider.invoke(JUnitPlatformProvider.java:124) ~[surefire-junit-platform-2.22.2.jar:2.22.2]
	at org.apache.maven.surefire.booter.ForkedBooter.invokeProviderInSameClassLoader(ForkedBooter.java:384) ~[surefire-booter-2.22.2.jar:2.22.2]
	at org.apache.maven.surefire.booter.ForkedBooter.runSuitesInProcess(ForkedBooter.java:345) ~[surefire-booter-2.22.2.jar:2.22.2]
	at org.apache.maven.surefire.booter.ForkedBooter.execute(ForkedBooter.java:126) ~[surefire-booter-2.22.2.jar:2.22.2]
	at org.apache.maven.surefire.booter.ForkedBooter.main(ForkedBooter.java:418) ~[surefire-booter-2.22.2.jar:2.22.2]
Caused by: org.springframework.beans.factory.BeanCreationException: Error creating bean with name 'entityManagerFactory' defined in class path resource [org/springframework/boot/autoconfigure/orm/jpa/HibernateJpaConfiguration.class]: Property 'com.example.models.User.billingAddress' is not a collection and may not be a '@OneToMany', '@ManyToMany', or '@ElementCollection'
	at org.springframework.beans.factory.support.AbstractAutowireCapableBeanFactory.initializeBean(AbstractAutowireCapableBeanFactory.java:1751) ~[spring-beans-6.0.2.jar:6.0.2]
	at org.springframework.beans.factory.support.AbstractAutowireCapableBeanFactory.doCreateBean(AbstractAutowireCapableBeanFactory.java:599) ~[spring-beans-6.0.2.jar:6.0.2]
	at org.springframework.beans.factory.support.AbstractAutowireCapableBeanFactory.createBean(AbstractAutowireCapableBeanFactory.java:521) ~[spring-beans-6.0.2.jar:6.0.2]
	at org.springframework.beans.factory.support.AbstractBeanFactory.lambda$doGetBean$0(AbstractBeanFactory.java:326) ~[spring-beans-6.0.2.jar:6.0.2]
	at org.springframework.beans.factory.support.DefaultSingletonBeanRegistry.getSingleton(DefaultSingletonBeanRegistry.java:234) ~[spring-beans-6.0.2.jar:6.0.2]
	at org.springframework.beans.factory.support.AbstractBeanFactory.doGetBean(AbstractBeanFactory.java:324) ~[spring-beans-6.0.2.jar:6.0.2]
	at org.springframework.beans.factory.support.AbstractBeanFactory.getBean(AbstractBeanFactory.java:200) ~[spring-beans-6.0.2.jar:6.0.2]
	at org.springframework.context.support.AbstractApplicationContext.getBean(AbstractApplicationContext.java:1130) ~[spring-context-6.0.2.jar:6.0.2]
	at org.springframework.context.support.AbstractApplicationContext.finishBeanFactoryInitialization(AbstractApplicationContext.java:905) ~[spring-context-6.0.2.jar:6.0.2]
	at org.springframework.context.support.AbstractApplicationContext.refresh(AbstractApplicationContext.java:584) ~[spring-context-6.0.2.jar:6.0.2]
	at org.springframework.boot.SpringApplication.refresh(SpringApplication.java:730) ~[spring-boot-3.0.0.jar:3.0.0]
	at org.springframework.boot.SpringApplication.refreshContext(SpringApplication.java:432) ~[spring-boot-3.0.0.jar:3.0.0]
	at org.springframework.boot.SpringApplication.run(SpringApplication.java:308) ~[spring-boot-3.0.0.jar:3.0.0]
	at org.springframework.boot.test.context.SpringBootContextLoader.lambda$loadContext$3(SpringBootContextLoader.java:137) ~[spring-boot-test-3.0.0.jar:3.0.0]
	at org.springframework.util.function.ThrowingSupplier.get(ThrowingSupplier.java:59) ~[spring-core-6.0.2.jar:6.0.2]
	at org.springframework.util.function.ThrowingSupplier.get(ThrowingSupplier.java:47) ~[spring-core-6.0.2.jar:6.0.2]
	at org.springframework.boot.SpringApplication.withHook(SpringApplication.java:1386) ~[spring-boot-3.0.0.jar:3.0.0]
	at org.springframework.boot.test.context.SpringBootContextLoader$ContextLoaderHook.run(SpringBootContextLoader.java:543) ~[spring-boot-test-3.0.0.jar:3.0.0]
	at org.springframework.boot.test.context.SpringBootContextLoader.loadContext(SpringBootContextLoader.java:137) ~[spring-boot-test-3.0.0.jar:3.0.0]
	at org.springframework.boot.test.context.SpringBootContextLoader.loadContext(SpringBootContextLoader.java:108) ~[spring-boot-test-3.0.0.jar:3.0.0]
	at org.springframework.test.context.cache.DefaultCacheAwareContextLoaderDelegate.loadContextInternal(DefaultCacheAwareContextLoaderDelegate.java:183) ~[spring-test-6.0.2.jar:6.0.2]
	at org.springframework.test.context.cache.DefaultCacheAwareContextLoaderDelegate.loadContext(DefaultCacheAwareContextLoaderDelegate.java:117) ~[spring-test-6.0.2.jar:6.0.2]
	... 67 common frames omitted
Caused by: org.hibernate.AnnotationException: Property 'com.example.models.User.billingAddress' is not a collection and may not be a '@OneToMany', '@ManyToMany', or '@ElementCollection'
	at org.hibernate.cfg.annotations.CollectionBinder.determineSemanticJavaType(CollectionBinder.java:1044) ~[hibernate-core-6.1.5.Final.jar:6.1.5.Final]
	at org.hibernate.cfg.annotations.CollectionBinder.determineCollectionClassification(CollectionBinder.java:946) ~[hibernate-core-6.1.5.Final.jar:6.1.5.Final]
	at org.hibernate.cfg.annotations.CollectionBinder.createBinderAutomatically(CollectionBinder.java:768) ~[hibernate-core-6.1.5.Final.jar:6.1.5.Final]
	at org.hibernate.cfg.annotations.CollectionBinder.getCollectionBinder(CollectionBinder.java:761) ~[hibernate-core-6.1.5.Final.jar:6.1.5.Final]
	at org.hibernate.cfg.annotations.CollectionBinder.bindCollection(CollectionBinder.java:287) ~[hibernate-core-6.1.5.Final.jar:6.1.5.Final]
	at org.hibernate.cfg.AnnotationBinder.buildProperty(AnnotationBinder.java:1235) ~[hibernate-core-6.1.5.Final.jar:6.1.5.Final]
	at org.hibernate.cfg.AnnotationBinder.processElementAnnotations(AnnotationBinder.java:1112) ~[hibernate-core-6.1.5.Final.jar:6.1.5.Final]
	at org.hibernate.cfg.annotations.EntityBinder.processIdPropertiesIfNotAlready(EntityBinder.java:935) ~[hibernate-core-6.1.5.Final.jar:6.1.5.Final]
	at org.hibernate.cfg.annotations.EntityBinder.bindEntityClass(EntityBinder.java:273) ~[hibernate-core-6.1.5.Final.jar:6.1.5.Final]
	at org.hibernate.cfg.AnnotationBinder.bindClass(AnnotationBinder.java:556) ~[hibernate-core-6.1.5.Final.jar:6.1.5.Final]
	at org.hibernate.boot.model.source.internal.annotations.AnnotationMetadataSourceProcessorImpl.processEntityHierarchies(AnnotationMetadataSourceProcessorImpl.java:216) ~[hibernate-core-6.1.5.Final.jar:6.1.5.Final]
	at org.hibernate.boot.model.process.spi.MetadataBuildingProcess$1.processEntityHierarchies(MetadataBuildingProcess.java:247) ~[hibernate-core-6.1.5.Final.jar:6.1.5.Final]
	at org.hibernate.boot.model.process.spi.MetadataBuildingProcess.complete(MetadataBuildingProcess.java:290) ~[hibernate-core-6.1.5.Final.jar:6.1.5.Final]
	at org.hibernate.jpa.boot.internal.EntityManagerFactoryBuilderImpl.metadata(EntityManagerFactoryBuilderImpl.java:1350) ~[hibernate-core-6.1.5.Final.jar:6.1.5.Final]
	at org.hibernate.jpa.boot.internal.EntityManagerFactoryBuilderImpl.build(EntityManagerFactoryBuilderImpl.java:1421) ~[hibernate-core-6.1.5.Final.jar:6.1.5.Final]
	at org.springframework.orm.jpa.vendor.SpringHibernateJpaPersistenceProvider.createContainerEntityManagerFactory(SpringHibernateJpaPersistenceProvider.java:66) ~[spring-orm-6.0.2.jar:6.0.2]
	at org.springframework.orm.jpa.LocalContainerEntityManagerFactoryBean.createNativeEntityManagerFactory(LocalContainerEntityManagerFactoryBean.java:376) ~[spring-orm-6.0.2.jar:6.0.2]
	at org.springframework.orm.jpa.AbstractEntityManagerFactoryBean.buildNativeEntityManagerFactory(AbstractEntityManagerFactoryBean.java:409) ~[spring-orm-6.0.2.jar:6.0.2]
	at org.springframework.orm.jpa.AbstractEntityManagerFactoryBean.afterPropertiesSet(AbstractEntityManagerFactoryBean.java:396) ~[spring-orm-6.0.2.jar:6.0.2]
	at org.springframework.orm.jpa.LocalContainerEntityManagerFactoryBean.afterPropertiesSet(LocalContainerEntityManagerFactoryBean.java:352) ~[spring-orm-6.0.2.jar:6.0.2]
	at org.springframework.beans.factory.support.AbstractAutowireCapableBeanFactory.invokeInitMethods(AbstractAutowireCapableBeanFactory.java:1797) ~[spring-beans-6.0.2.jar:6.0.2]
	at org.springframework.beans.factory.support.AbstractAutowireCapableBeanFactory.initializeBean(AbstractAutowireCapableBeanFactory.java:1747) ~[spring-beans-6.0.2.jar:6.0.2]
	... 88 common frames omitted

]]></system-out>
    <system-err><![CDATA[


============================
CONDITIONS EVALUATION REPORT
============================


Positive matches:
-----------------

    None


Negative matches:
-----------------

    None


Exclusions:
-----------

    None


Unconditional classes:
----------------------

    None



]]></system-err>
  </testcase>
</testsuite>